c:\users\владик\desktop\новая папка (2)\new2\project1\project1\x64\debug\vc143.pdb
c:\users\владик\desktop\новая папка (2)\new2\project1\project1\x64\debug\vc143.idb
c:\users\владик\desktop\новая папка (2)\new2\project1\project1\x64\debug\translate_to_bin.obj
c:\users\владик\desktop\новая папка (2)\new2\project1\project1\x64\debug\translate.obj
c:\users\владик\desktop\новая папка (2)\new2\project1\project1\x64\debug\touppercase.obj
c:\users\владик\desktop\новая папка (2)\new2\project1\project1\x64\debug\test.obj
c:\users\владик\desktop\новая папка (2)\new2\project1\project1\x64\debug\substitution_cipher.obj
c:\users\владик\desktop\новая папка (2)\new2\project1\project1\x64\debug\recurrent_affine_cipher.obj
c:\users\владик\desktop\новая папка (2)\new2\project1\project1\x64\debug\polynomial.obj
c:\users\владик\desktop\новая папка (2)\new2\project1\project1\x64\debug\monomial.obj
c:\users\владик\desktop\новая папка (2)\new2\project1\project1\x64\debug\main.obj
c:\users\владик\desktop\новая папка (2)\new2\project1\project1\x64\debug\galois_field.obj
c:\users\владик\desktop\новая папка (2)\new2\project1\project1\x64\debug\doctest.obj
c:\users\владик\desktop\новая папка (2)\new2\project1\project1\x64\debug\counter.obj
c:\users\владик\desktop\новая папка (2)\new2\project1\project1\x64\debug\affine_cipher.obj
c:\users\владик\desktop\новая папка (2)\new2\project1\project1\x64\debug\project1.ilk
c:\users\владик\desktop\новая папка (2)\new2\project1\x64\debug\project1.exe
c:\users\владик\desktop\новая папка (2)\new2\project1\x64\debug\project1.pdb
c:\users\владик\desktop\crypta\crypto\project1\x64\debug\affine_cipher.obj
c:\users\владик\desktop\crypta\crypto\project1\x64\debug\counter.obj
c:\users\владик\desktop\crypta\crypto\project1\x64\debug\doctest.obj
c:\users\владик\desktop\crypta\crypto\project1\x64\debug\galois_field.obj
c:\users\владик\desktop\crypta\crypto\project1\x64\debug\main.obj
c:\users\владик\desktop\crypta\crypto\project1\x64\debug\monomial.obj
c:\users\владик\desktop\crypta\crypto\project1\x64\debug\polynomial.obj
c:\users\владик\desktop\crypta\crypto\project1\x64\debug\recurrent_affine_cipher.obj
c:\users\владик\desktop\crypta\crypto\project1\x64\debug\substitution_cipher.obj
c:\users\владик\desktop\crypta\crypto\project1\x64\debug\test.obj
c:\users\владик\desktop\crypta\crypto\project1\x64\debug\touppercase.obj
c:\users\владик\desktop\crypta\crypto\project1\x64\debug\translate.obj
c:\users\владик\desktop\crypta\crypto\project1\x64\debug\translate_to_bin.obj
c:\users\владик\desktop\crypta\crypto\project1\x64\debug\project1.ilk
c:\users\владик\desktop\crypta\crypto\project1\x64\debug\vc143.idb
c:\users\владик\desktop\crypta\crypto\project1\x64\debug\vc143.pdb
c:\users\владик\desktop\crypta\crypto\x64\debug\project1.pdb
c:\users\владик\desktop\crypta\crypto\project1\x64\debug\project1.tlog\cl.command.1.tlog
c:\users\владик\desktop\crypta\crypto\project1\x64\debug\project1.tlog\cl.read.1.tlog
c:\users\владик\desktop\crypta\crypto\project1\x64\debug\project1.tlog\cl.write.1.tlog
c:\users\владик\desktop\crypta\crypto\project1\x64\debug\project1.tlog\link.command.1.tlog
c:\users\владик\desktop\crypta\crypto\project1\x64\debug\project1.tlog\link.read.1.tlog
c:\users\владик\desktop\crypta\crypto\project1\x64\debug\project1.tlog\link.write.1.tlog
